2021/01/18 15:00:06 [localhost:9015]	[GET]	136	1000500	OvDM6VJdfqXxXbqMu+/jBTpmQsZxQgMTP0I4rQ6gm5E=
2021/01/18 15:00:07 [localhost:9002]	[GET]	564	1000500	kQp9pcVX05Ca5kowCgbGsqs5P7bxBp1Cr5MIsL/M9eM=
2021/01/18 15:00:07 [localhost:9022]	[GET]	569	1000500	htq9YG/4ynhiAt2nql9i/uKNwyAo9gWH2FDS5AF3gXk=
2021/01/18 15:00:07 [localhost:9019]	[GET]	645	1000500	iJ4Q+wEk3uqupKySxJmWEyyBC6oSE7bIJyFvS8TpaRA=
2021/01/18 15:00:07 [localhost:9013]	[GET]	636	1000500	RiCJ3BADc/GAk12eKw5nFHz4Fw4JE61m2f+VcCjM+Zc=
2021/01/18 15:00:07 [localhost:9008]	[GET]	660	1000500	FXF/NS14TcowjHfAnacORBFYTQLL5nYWak1/aXthGAA=
2021/01/18 15:00:07 [localhost:9015]	[GET]	690	1000500	OvDM6VJdfqXxXbqMu+/jBTpmQsZxQgMTP0I4rQ6gm5E=
2021/01/18 15:00:07 [localhost:9004]	[GET]	738	1000500	Cp/lfCxVzskeVgtNpUrUbK5WktAuNYD0PBePlTAhYwI=
2021/01/18 15:00:07 [localhost:9021]	[GET]	821	1000500	H09S01RcdN4s9e4ZE8T2qj1QRSOau7umU+f/bjW/nf8=
2021/01/18 15:00:07 [localhost:9010]	[GET]	811	1000500	+b9ucyGS4n/B/Bxq1QNK9GqNLqJhcnnld073NMV2tco=
2021/01/18 15:00:07 [localhost:9020]	[GET]	809	1000500	2kORvDZn0EUBNLGc8bxgZBWbNKDrFxnbsA0keCJOYNs=
2021/01/18 15:00:07 [localhost:9009]	[GET]	868	1000500	eLdnN7GxgDx7NGIwVahc8Emu30CQ3AdDOG69KWzce18=
2021/01/18 15:00:07 [localhost:9004]	[GET]	916	1000500	Cp/lfCxVzskeVgtNpUrUbK5WktAuNYD0PBePlTAhYwI=
2021/01/18 15:00:07 [localhost:9019]	[GET]	891	1000500	iJ4Q+wEk3uqupKySxJmWEyyBC6oSE7bIJyFvS8TpaRA=
2021/01/18 15:00:07 [localhost:9010]	[GET]	921	1000500	+b9ucyGS4n/B/Bxq1QNK9GqNLqJhcnnld073NMV2tco=
2021/01/18 15:00:07 [localhost:9020]	[GET]	915	1000500	2kORvDZn0EUBNLGc8bxgZBWbNKDrFxnbsA0keCJOYNs=
2021/01/18 15:00:07 [localhost:9016]	[GET]	933	1000500	uBCO/0Bu1cCTOVMQVyulW0ymTcRRXNaQk2TafTdObdY=
2021/01/18 15:00:07 [localhost:9014]	[GET]	994	1000500	k+TU7mJmRCKsEKMnmC7d0LIwZ7yy7f5KNLmu9lDnSU0=
2021/01/18 15:00:07 [localhost:9017]	[GET]	1021	1000500	EN+MPZiRYSfbLyl1yPR69zAgHSH20qjNKCX2lTsy03s=
2021/01/18 15:00:07 [localhost:9001]	[GET]	1026	1000500	kGeXgO7rHITq+Iw7wLY5/mB/XIRQyPRhzQbzFs+RRJg=
2021/01/18 15:00:07 [localhost:9009]	[GET]	1027	1000500	eLdnN7GxgDx7NGIwVahc8Emu30CQ3AdDOG69KWzce18=
2021/01/18 15:00:07 [localhost:9023]	[GET]	1085	1000500	KHdJwJVfPtkNOtNiuoYvW2cl4mipr/x1TXn3t5lA1Zo=
2021/01/18 15:00:07 [localhost:9013]	[GET]	1077	1000500	RiCJ3BADc/GAk12eKw5nFHz4Fw4JE61m2f+VcCjM+Zc=
2021/01/18 15:00:07 [localhost:9021]	[GET]	1103	1000500	H09S01RcdN4s9e4ZE8T2qj1QRSOau7umU+f/bjW/nf8=
2021/01/18 15:00:07 [localhost:9003]	[GET]	1071	1000500	HGfYpZEIwn1XAEMyr8KGaZlvP07MI53zETbIccKdYCM=
2021/01/18 15:00:07 [localhost:9016]	[GET]	1100	1000500	uBCO/0Bu1cCTOVMQVyulW0ymTcRRXNaQk2TafTdObdY=
2021/01/18 15:00:07 [localhost:9022]	[GET]	1131	1000500	htq9YG/4ynhiAt2nql9i/uKNwyAo9gWH2FDS5AF3gXk=
2021/01/18 15:00:07 [localhost:9017]	[GET]	1133	1000500	EN+MPZiRYSfbLyl1yPR69zAgHSH20qjNKCX2lTsy03s=
2021/01/18 15:00:07 [localhost:9006]	[GET]	1124	1000500	1v87l9+vJgBjclbiyiZj03eryAPsPFm5DMw7BFycL8E=
2021/01/18 15:00:07 [localhost:9014]	[GET]	1140	1000500	k+TU7mJmRCKsEKMnmC7d0LIwZ7yy7f5KNLmu9lDnSU0=
2021/01/18 15:00:07 [localhost:9001]	[GET]	1151	1000500	kGeXgO7rHITq+Iw7wLY5/mB/XIRQyPRhzQbzFs+RRJg=
2021/01/18 15:00:07 [localhost:9015]	[GET]	1186	1000500	OvDM6VJdfqXxXbqMu+/jBTpmQsZxQgMTP0I4rQ6gm5E=
2021/01/18 15:00:07 [localhost:9023]	[GET]	1196	1000500	KHdJwJVfPtkNOtNiuoYvW2cl4mipr/x1TXn3t5lA1Zo=
2021/01/18 15:00:07 [localhost:9021]	[GET]	1184	1000500	H09S01RcdN4s9e4ZE8T2qj1QRSOau7umU+f/bjW/nf8=
2021/01/18 15:00:07 [localhost:9013]	[GET]	1208	1000500	RiCJ3BADc/GAk12eKw5nFHz4Fw4JE61m2f+VcCjM+Zc=
2021/01/18 15:00:07 [localhost:9004]	[GET]	1212	1000500	Cp/lfCxVzskeVgtNpUrUbK5WktAuNYD0PBePlTAhYwI=
2021/01/18 15:00:07 [localhost:9017]	[GET]	1184	1000500	EN+MPZiRYSfbLyl1yPR69zAgHSH20qjNKCX2lTsy03s=
2021/01/18 15:00:07 [localhost:9003]	[GET]	1177	1000500	HGfYpZEIwn1XAEMyr8KGaZlvP07MI53zETbIccKdYCM=
2021/01/18 15:00:07 [localhost:9001]	[GET]	1191	1000500	kGeXgO7rHITq+Iw7wLY5/mB/XIRQyPRhzQbzFs+RRJg=
2021/01/18 15:00:07 [localhost:9014]	[GET]	1225	1000500	k+TU7mJmRCKsEKMnmC7d0LIwZ7yy7f5KNLmu9lDnSU0=
2021/01/18 15:00:07 [localhost:9022]	[GET]	1243	1000500	htq9YG/4ynhiAt2nql9i/uKNwyAo9gWH2FDS5AF3gXk=
2021/01/18 15:00:07 [localhost:9006]	[GET]	1223	1000500	1v87l9+vJgBjclbiyiZj03eryAPsPFm5DMw7BFycL8E=
2021/01/18 15:00:07 [localhost:9023]	[GET]	1280	1000500	KHdJwJVfPtkNOtNiuoYvW2cl4mipr/x1TXn3t5lA1Zo=
2021/01/18 15:00:07 [localhost:9024]	[GET]	1283	1000500	PyK62gH3CwTLWyMGrEelXa2MfeZDfo7qynQZLkTkrng=
2021/01/18 15:00:07 [localhost:9015]	[GET]	1297	1000500	OvDM6VJdfqXxXbqMu+/jBTpmQsZxQgMTP0I4rQ6gm5E=
2021/01/18 15:00:07 [localhost:9003]	[GET]	1279	1000500	HGfYpZEIwn1XAEMyr8KGaZlvP07MI53zETbIccKdYCM=
2021/01/18 15:00:07 [localhost:9005]	[GET]	1260	1000500	dBrgFtgVhZ9D6vMyeddniC7V0diomC+aj2TuB9sgzHo=
2021/01/18 15:00:07 [localhost:9006]	[GET]	1329	1000500	1v87l9+vJgBjclbiyiZj03eryAPsPFm5DMw7BFycL8E=
2021/01/18 15:00:07 [localhost:9011]	[GET]	1358	1000500	iZc0An35QCLHuK+gZBzUaSxa6qiR0/J5vGE8D2FM5xU=
2021/01/18 15:00:07 [localhost:9024]	[GET]	1393	1000500	PyK62gH3CwTLWyMGrEelXa2MfeZDfo7qynQZLkTkrng=
2021/01/18 15:00:07 [localhost:9007]	[GET]	1393	1000500	kLC+n83COQNk5hHC06Qxwkgvs7WxszlTRnQLt4TG9i0=
2021/01/18 15:00:07 [localhost:9008]	[GET]	1414	1000500	FXF/NS14TcowjHfAnacORBFYTQLL5nYWak1/aXthGAA=
2021/01/18 15:00:07 [localhost:9018]	[GET]	1393	1000500	7nQgdosA2QFxk2DKQ/c/ock5coh6erk6M4UqR3d+DxA=
2021/01/18 15:00:08 [localhost:9011]	[GET]	1453	1000500	iZc0An35QCLHuK+gZBzUaSxa6qiR0/J5vGE8D2FM5xU=
2021/01/18 15:00:08 [localhost:9005]	[GET]	1454	1000500	dBrgFtgVhZ9D6vMyeddniC7V0diomC+aj2TuB9sgzHo=
2021/01/18 15:00:08 [localhost:9024]	[GET]	1484	1000500	PyK62gH3CwTLWyMGrEelXa2MfeZDfo7qynQZLkTkrng=
2021/01/18 15:00:08 [localhost:9009]	[GET]	1510	1000500	eLdnN7GxgDx7NGIwVahc8Emu30CQ3AdDOG69KWzce18=
2021/01/18 15:00:08 [localhost:9007]	[GET]	1498	1000500	kLC+n83COQNk5hHC06Qxwkgvs7WxszlTRnQLt4TG9i0=
2021/01/18 15:00:08 [localhost:9008]	[GET]	1512	1000500	FXF/NS14TcowjHfAnacORBFYTQLL5nYWak1/aXthGAA=
2021/01/18 15:00:08 [localhost:9018]	[GET]	1541	1000500	7nQgdosA2QFxk2DKQ/c/ock5coh6erk6M4UqR3d+DxA=
2021/01/18 15:00:08 [localhost:9005]	[GET]	1554	1000500	dBrgFtgVhZ9D6vMyeddniC7V0diomC+aj2TuB9sgzHo=
2021/01/18 15:00:08 [localhost:9011]	[GET]	1555	1000500	iZc0An35QCLHuK+gZBzUaSxa6qiR0/J5vGE8D2FM5xU=
2021/01/18 15:00:08 [localhost:9023]	[GET]	1576	1000500	KHdJwJVfPtkNOtNiuoYvW2cl4mipr/x1TXn3t5lA1Zo=
2021/01/18 15:00:08 [localhost:9017]	[GET]	1556	1000500	EN+MPZiRYSfbLyl1yPR69zAgHSH20qjNKCX2lTsy03s=
2021/01/18 15:00:08 [localhost:9024]	[GET]	1559	1000500	PyK62gH3CwTLWyMGrEelXa2MfeZDfo7qynQZLkTkrng=
2021/01/18 15:00:08 [localhost:9003]	[GET]	1580	1000500	HGfYpZEIwn1XAEMyr8KGaZlvP07MI53zETbIccKdYCM=
2021/01/18 15:00:08 [localhost:9007]	[GET]	1590	1000500	kLC+n83COQNk5hHC06Qxwkgvs7WxszlTRnQLt4TG9i0=
2021/01/18 15:00:08 [localhost:9009]	[GET]	1602	1000500	eLdnN7GxgDx7NGIwVahc8Emu30CQ3AdDOG69KWzce18=
2021/01/18 15:00:08 [localhost:9008]	[GET]	1590	1000500	FXF/NS14TcowjHfAnacORBFYTQLL5nYWak1/aXthGAA=
2021/01/18 15:00:08 [localhost:9006]	[GET]	1650	1000500	1v87l9+vJgBjclbiyiZj03eryAPsPFm5DMw7BFycL8E=
2021/01/18 15:00:08 [localhost:9011]	[GET]	1650	1000500	iZc0An35QCLHuK+gZBzUaSxa6qiR0/J5vGE8D2FM5xU=
2021/01/18 15:00:08 [localhost:9007]	[GET]	1660	1000500	kLC+n83COQNk5hHC06Qxwkgvs7WxszlTRnQLt4TG9i0=
2021/01/18 15:00:08 [localhost:9022]	[PUT]	12	1000500	a2xDx07vs3s4SmvnGkET6TZ/+86wmIhqC+1jbpUg8nU=
2021/01/18 15:00:08 [localhost:9005]	[GET]	1677	1000500	dBrgFtgVhZ9D6vMyeddniC7V0diomC+aj2TuB9sgzHo=
2021/01/18 15:00:08 [localhost:9001]	[GET]	1753	1000500	kGeXgO7rHITq+Iw7wLY5/mB/XIRQyPRhzQbzFs+RRJg=
2021/01/18 15:00:08 [localhost:9016]	[GET]	1784	1000500	uBCO/0Bu1cCTOVMQVyulW0ymTcRRXNaQk2TafTdObdY=
2021/01/18 15:00:08 [localhost:9018]	[GET]	1785	1000500	7nQgdosA2QFxk2DKQ/c/ock5coh6erk6M4UqR3d+DxA=
2021/01/18 15:00:08 [localhost:9012]	[GET]	1836	1000500	bteMtGgyK80r7Q0TmFD587HGUGvjYMVfLkvsixk1vDs=
2021/01/18 15:00:08 [localhost:9018]	[GET]	1854	1000500	7nQgdosA2QFxk2DKQ/c/ock5coh6erk6M4UqR3d+DxA=
2021/01/18 15:00:08 [localhost:9016]	[GET]	1880	1000500	uBCO/0Bu1cCTOVMQVyulW0ymTcRRXNaQk2TafTdObdY=
2021/01/18 15:00:08 [localhost:9009]	[PUT]	214	1000500	Zex4wmDxO8JCtqWzhw3OTci8kwKI8dp0MRodUfIbyS0=
2021/01/18 15:00:08 [localhost:9021]	[PUT]	215	1000500	wRjL3kwz7ui0xKvzlsgGr/4VZMRYUvNZIQ0VUKKzx1s=
2021/01/18 15:00:08 [localhost:9010]	[PUT]	217	1000500	LwBGr4IEb2Bmhyzxtt4/xUP61fIkVunb/Hm5RejGIaI=
2021/01/18 15:00:08 [localhost:9017]	[PUT]	215	1000500	RjUd1vlxDUC64IXKfZ6Kr4LhvXIKM1qSTDRvGL3Xmrc=
2021/01/18 15:00:08 [localhost:9012]	[GET]	1935	1000500	bteMtGgyK80r7Q0TmFD587HGUGvjYMVfLkvsixk1vDs=
2021/01/18 15:00:08 [localhost:9023]	[PUT]	223	1000500	GHF672jpks0sYC/M4rRxx7iQz5tYhesjR4ovV/o0Wvc=
2021/01/18 15:00:08 [localhost:9003]	[PUT]	222	1000500	F/B21PLWNAgE90+eFO0cbWmxyIdG7aRst+QGmklBDMs=
2021/01/18 15:00:08 [localhost:9011]	[GET]	1945	1000500	iZc0An35QCLHuK+gZBzUaSxa6qiR0/J5vGE8D2FM5xU=
2021/01/18 15:00:08 [localhost:9018]	[GET]	1966	1000500	7nQgdosA2QFxk2DKQ/c/ock5coh6erk6M4UqR3d+DxA=
2021/01/18 15:00:08 [localhost:9003]	[PUT]	273	1000500	LMkPkdgY2KTikTVDzYrvgbtQaw5R0xE8CTL2YA1d5OQ=
2021/01/18 15:00:08 [localhost:9016]	[GET]	1971	1000500	uBCO/0Bu1cCTOVMQVyulW0ymTcRRXNaQk2TafTdObdY=
2021/01/18 15:00:08 [localhost:9002]	[PUT]	306	1000500	lGt4VPE1JlspGwTHZzEOB33s2g7Crj0QVpB3a/dUbcY=
2021/01/18 15:00:08 [localhost:9012]	[GET]	2044	1000500	bteMtGgyK80r7Q0TmFD587HGUGvjYMVfLkvsixk1vDs=
2021/01/18 15:00:08 [localhost:9006]	[GET]	2121	1000500	1v87l9+vJgBjclbiyiZj03eryAPsPFm5DMw7BFycL8E=
2021/01/18 15:00:08 [localhost:9012]	[GET]	2110	1000500	bteMtGgyK80r7Q0TmFD587HGUGvjYMVfLkvsixk1vDs=
2021/01/18 15:00:08 [localhost:9000]	[GET]	2154	1000500	2Caq6wyRWERy6uz3chxmPd/PA22eh8eadXrD7C8po4c=
2021/01/18 15:00:08 [localhost:9005]	[GET]	2193	1000500	dBrgFtgVhZ9D6vMyeddniC7V0diomC+aj2TuB9sgzHo=
2021/01/18 15:00:08 [localhost:9012]	[GET]	2225	1000500	bteMtGgyK80r7Q0TmFD587HGUGvjYMVfLkvsixk1vDs=
2021/01/18 15:00:08 [localhost:9000]	[GET]	2227	1000500	2Caq6wyRWERy6uz3chxmPd/PA22eh8eadXrD7C8po4c=
2021/01/18 15:00:08 [localhost:9007]	[GET]	2241	1000500	kLC+n83COQNk5hHC06Qxwkgvs7WxszlTRnQLt4TG9i0=
2021/01/18 15:00:08 [localhost:9018]	[PUT]	266	1000500	wdgc0BwqzqT3S/p0n8+K1N0WAR93hDsuD49Ch6Q5AkY=
2021/01/18 15:00:08 [localhost:9001]	[PUT]	8	1000500	9+VIMlVy69OBZ6x9KKhoQYUIWbYg3HbkpzUizGxOP/Q=
2021/01/18 15:00:08 [localhost:9004]	[PUT]	5	1000500	3ddgf3u+mmjnWcgB8yWk/9Djv63kN6Pd1iQGhMjrGU0=
2021/01/18 15:00:08 [localhost:9005]	[GET]	2265	1000500	dBrgFtgVhZ9D6vMyeddniC7V0diomC+aj2TuB9sgzHo=
2021/01/18 15:00:08 [localhost:9012]	[GET]	2298	1000500	bteMtGgyK80r7Q0TmFD587HGUGvjYMVfLkvsixk1vDs=
2021/01/18 15:00:08 [localhost:9000]	[GET]	2336	1000500	2Caq6wyRWERy6uz3chxmPd/PA22eh8eadXrD7C8po4c=
2021/01/18 15:00:08 [localhost:9007]	[GET]	2306	1000500	kLC+n83COQNk5hHC06Qxwkgvs7WxszlTRnQLt4TG9i0=
2021/01/18 15:00:08 [localhost:9017]	[PUT]	206	1000500	O+6lq9iv4H9PyXgc8tsEtRZe3bnfxVbfR2IO+0GPukw=
2021/01/18 15:00:08 [localhost:9000]	[GET]	2446	1000500	2Caq6wyRWERy6uz3chxmPd/PA22eh8eadXrD7C8po4c=
2021/01/18 15:00:09 [localhost:9006]	[PUT]	209	1000500	SHUoi/CJkwkkFA3Ut2CfW9iyOohy3tBl8RI6X61tCH0=
2021/01/18 15:00:09 [localhost:9010]	[PUT]	207	1000500	/pjZ9sNvbBQS3GnIFfrP9fhqxX5P2nXARQ4WOpPSV+s=
2021/01/18 15:00:09 [localhost:9006]	[PUT]	211	1000500	ECg3bDmnuHhY4jVh+L7Jqjz4D0BtsLKx09u+UwWOkf8=
2021/01/18 15:00:09 [localhost:9020]	[PUT]	157	1000500	/x6ocFqaE7Qw7JHVby73z5E2QZReNjhm+005AmLQBTc=
2021/01/18 15:00:09 [localhost:9013]	[PUT]	212	1000500	IYgUq22izyJ3881wxw2WqL4Tb6KDt1SfAUxkNywRaCI=
2021/01/18 15:00:09 [localhost:9020]	[PUT]	157	1000500	jxfJ33bcoK4Aq1vSbQ0GauQ+imEBEFADvPJ2xHcAt8k=
2021/01/18 15:00:09 [localhost:9017]	[PUT]	163	1000500	x6DKD1eQ7JniUS6NjfdYOs1Ee3q8A5JCJFBWEHl7Sb4=
2021/01/18 15:00:09 [localhost:9015]	[PUT]	257	1000500	pd4qg6c/ZjdmeBKt9ipZ7fwIfOo6x3jIw5maQPdn6/Q=
2021/01/18 15:00:09 [localhost:9024]	[PUT]	206	1000500	w99XEapt2r/CvkeDnrYDACv26C9eEi71moXxiT9Y4x4=
2021/01/18 15:00:09 [localhost:9011]	[PUT]	206	1000500	eRMs0ZLBEyyDNOz5fYzTlZ+y3u0opyPpTez+Qg0U9cc=
2021/01/18 15:00:09 [localhost:9017]	[PUT]	206	1000500	ZNgcE0EEdphs1NjMbwjA7APVsXwsza2uaznyOf9I6LA=
2021/01/18 15:00:09 [localhost:9001]	[PUT]	206	1000500	5VmabQ675226gvKtIhxruqiUdDHnKwvx6R45KbKyXN8=
2021/01/18 15:00:09 [localhost:9004]	[PUT]	210	1000500	TqnKRyRFberxGYaNCMNvCWLco67ITuU4m3oJoW+6Hqc=
2021/01/18 15:00:09 [localhost:9011]	[PUT]	212	1000500	fjby31RdkT2qk6kpfzrA1pru5nrRE1s1Aan4jMo4LrY=
2021/01/18 15:00:09 [localhost:9015]	[PUT]	209	1000500	fAKkw5cdHRvlQR/zNao9WDZ6WpWXJhvLIXPjDkH6VZY=
2021/01/18 15:00:09 [localhost:9007]	[PUT]	157	1000500	O9JHzEzUDJM4nbzuQyL55pm6uhdQp59enYlyvq4+3LU=
2021/01/18 15:00:09 [localhost:9012]	[PUT]	205	1000500	vBAMFW5uaHkLMLNrNWzB0WYE9EAQOg8CE+TdQ4tq/UA=
2021/01/18 15:00:09 [localhost:9001]	[PUT]	217	1000500	KEV/lH954K7D9fsfumeQ7hjnIyVMlZlfdv45sqm9/7k=
2021/01/18 15:00:09 [localhost:9011]	[PUT]	207	1000500	r53/RZOaMvj3FoiM25caEfpjvp7m/b8YFFYGbVVguRg=
2021/01/18 15:00:09 [localhost:9014]	[PUT]	159	1000500	L9ffCqBgRN7p8btoBcR53tbzPn92+Pu6bJpdBvpzUVw=
2021/01/18 15:00:09 [localhost:9012]	[PUT]	210	1000500	GfFtPyuiaQt8NbhBoKr8btQngRqb2BnurkomLl5R4KY=
2021/01/18 15:00:09 [localhost:9003]	[PUT]	207	1000500	ROXz8PllVan3dio+pLAmOThbk509ArAKBdy51kP3k5c=
2021/01/18 15:00:09 [localhost:9000]	[GET]	2531	1000500	2Caq6wyRWERy6uz3chxmPd/PA22eh8eadXrD7C8po4c=
2021/01/18 15:00:09 [localhost:9001]	[PUT]	154	1000500	hvod7hFsDPycqzqEV+lH91Mkg3I2n+HUKB6PvjS2x8Q=
2021/01/18 15:00:09 [localhost:9006]	[PUT]	154	1000500	AFTjTrrK3XtfN+kpMSeXrhkI+GhgPmr0cJelvu7uB/s=
2021/01/18 15:00:09 [localhost:9016]	[PUT]	154	1000500	HiUt3Hx1Yv08PZ6xEc4/d5lTFfreqPGSi9dnIvx7QNQ=
2021/01/18 15:00:09 [localhost:9018]	[PUT]	306	1000500	Oo/MXHxcrk758VZ2DahuwHyThomWHWIuqptSpLvVlDA=
2021/01/18 15:00:09 [localhost:9008]	[PUT]	253	1000500	mVxjBC/OTfV3XS1K99aAADRx4Fmi1sNgXYa2CN+8YuM=
2021/01/18 15:00:09 [localhost:9014]	[PUT]	257	1000500	ee3KCSRvhCj0qoIP11ATGrUmjAxfiVTB5UyLCbbQQfc=
2021/01/18 15:00:09 [localhost:9004]	[PUT]	204	1000500	HJVnDpi0Z0sgyH3mZMHEl91FWekMoakzhyC/2Lt/91I=
2021/01/18 15:00:09 [localhost:9023]	[PUT]	204	1000500	v03tyrAnyQ7gnWpzp3uA7yYjLQBxqgYZxdMGj0bD++I=
2021/01/18 15:00:09 [localhost:9003]	[PUT]	203	1000500	+MeXCNrPDRL/wUZHXfiFV3IPa8QGw4rMN7zmuNEOL/0=
2021/01/18 15:00:09 [localhost:9010]	[PUT]	303	1000500	e2cYW10DzNWdAtjlPhYbOmfMagzY8z+sL9OvpKOui5k=
2021/01/18 15:00:09 [localhost:9023]	[PUT]	254	1000500	tW+MNJcGrJMiipOw3nJFdsxzO806C4gp7AU04FLqDeI=
2021/01/18 15:00:09 [localhost:9018]	[PUT]	214	1000500	zv+IT4S8azgFiYDbcuw8PRIdfBJbkcbZeuNy9ajqtYk=
2021/01/18 15:00:09 [localhost:9002]	[PUT]	214	1000500	JbRXlY1UjiicghWtUgYi1Ls6eIYTSUldKg+DwXwwwXU=
2021/01/18 15:00:09 [localhost:9021]	[PUT]	211	1000500	LEV1RYYnIenwuIhr9qPD5F5fdfOng9JHjIAh7kJ6B+0=
2021/01/18 15:00:09 [localhost:9011]	[PUT]	220	1000500	IUJzr0UVAN3MxjZjf1ezmAz2E1iW+KeeONVvGYeMqoM=
2021/01/18 15:00:09 [localhost:9009]	[PUT]	219	1000500	UNiDQtzIur+E1mZsOJJP8A1xclmIUHf5hZ+zomur2jg=
2021/01/18 15:00:09 [localhost:9001]	[PUT]	254	1000500	uKjgGL3YeLhuklovM2KM0B6iG/jcmveH/ZaDKH+VRYA=
2021/01/18 15:00:09 [localhost:9007]	[PUT]	314	1000500	4Gi31N4gnEI83bJ0L39lNCHKGXiSKQkt4Wcy0g8COMo=
2021/01/18 15:00:09 [localhost:9002]	[PUT]	255	1000500	W43BDuX6N35tKp4jye5CZd3+749ED8/F78c1dnulgRQ=
2021/01/18 15:00:09 [localhost:9000]	[GET]	2640	1000500	2Caq6wyRWERy6uz3chxmPd/PA22eh8eadXrD7C8po4c=
2021/01/18 15:00:09 [localhost:9011]	[PUT]	154	1000500	GpoXQ3PKFUtOHSFVh+VCYwOKRbJZGjz0aLutc5ae+Hs=
2021/01/18 15:00:09 [localhost:9013]	[PUT]	315	1000500	EX7rWS5MCchj8mO4AG/Rm7CP5oXNRdnLs9LREhJDV70=
2021/01/18 15:00:09 [localhost:9001]	[PUT]	304	1000500	33H0QzKcs7Evvzly28N19CNV3GJEDAxfvybuB7a35aY=
2021/01/18 15:00:09 [localhost:9013]	[PUT]	224	1000500	oOJiTRgM510N+6V6HSmqFz1Q4NfPouiDK4nmbhXHKgE=
2021/01/18 15:00:09 [localhost:9008]	[PUT]	225	1000500	tx/H0703+D6mZKzseDXexfL6qkwmB8HfAXHDSkKf3kc=
2021/01/18 15:00:09 [localhost:9006]	[PUT]	214	1000500	TFNKM7CVPzbSU3GTN1ftI3D4b979/570dOIYOS3uAgY=
2021/01/18 15:00:09 [localhost:9019]	[PUT]	214	1000500	iSmtlKEaiOQ7ZE0SxvGGVlT84FWloSytHOBFWKH3Dk0=
2021/01/18 15:00:09 [localhost:9000]	[GET]	2757	1000500	2Caq6wyRWERy6uz3chxmPd/PA22eh8eadXrD7C8po4c=
2021/01/18 15:00:09 [localhost:9021]	[PUT]	260	1000500	Q28pjKO8euUAfwIpdVXwdBZHf7bsScSrz3PRZMJGlKc=
2021/01/18 15:00:09 [localhost:9001]	[PUT]	306	1000500	vl+Yrg/6R9bBS4CxwIKb1vFQPNqie8ikk63ZT1IIEao=
2021/01/18 15:00:09 [localhost:9024]	[PUT]	306	1000500	uPBkuCFXoMwQboScQ1L05Mj3tkyjhPUeUh9OieN959E=
2021/01/18 15:00:09 [localhost:9018]	[PUT]	305	1000500	p02iFenEYM+cDUp1nrk+tH31fpxFqK/gsYgocvYkvXE=
2021/01/18 15:00:09 [localhost:9015]	[PUT]	214	1000500	De5Pk+r7ZbqpywTLuEd7BywAAexkzlVe1JWI+vHPzO4=
2021/01/18 15:00:09 [localhost:9002]	[PUT]	213	1000500	llpPJqRJuW2HzRQo50A8ZRvpe8vIOhN15L67DmkJA58=
2021/01/18 15:00:09 [localhost:9012]	[PUT]	214	1000500	BpKjgPEMYYyzFrxGltGe0748zNzNhfu6RIUjuZXwyNQ=
2021/01/18 15:00:09 [localhost:9005]	[PUT]	214	1000500	RSxSMYxgvDRiPtpPd/nflnHddtffdqaTFuWIHNAitvg=
2021/01/18 15:00:09 [localhost:9021]	[PUT]	214	1000500	e0N1UbDfJx78dtoP/OZZwGJBfKh1vOeG8XWRMIaYhcI=
2021/01/18 15:00:09 [localhost:9004]	[PUT]	163	1000500	UskFxmaH6Awh3iyMijqYkZlEtYah3O5sBXGI0xL1Zes=
2021/01/18 15:00:09 [localhost:9015]	[PUT]	162	1000500	LLhlxYd4rPvOsLIzqXX4o97XDue7+r6di0dr4o1qQl0=
2021/01/18 15:00:09 [localhost:9017]	[PUT]	161	1000500	2FgIzTlvYlvZBH0RC/YwYV/V7460iKAmzyGs5c89tnQ=
2021/01/18 15:00:09 [localhost:9009]	[PUT]	158	1000500	moC5UsBuezDVPb+gbTdvWXXQfrdFq1Z7zEgb4iTEycc=
2021/01/18 15:00:09 [localhost:9011]	[PUT]	205	1000500	T4QX/XxnT+CHLpckuMMLKsDVIpiJuBQa34Lngy3C2VE=
2021/01/18 15:00:09 [localhost:9013]	[PUT]	205	1000500	n7tfnU7iMk1rEznsSJsqP+tLkIR9CB0sD/knlgsJKpI=
2021/01/18 15:00:09 [localhost:9006]	[PUT]	207	1000500	w5k4TsvRscNnmj6Q7Ew1FqGiBrdNYseSnB+TR342WLU=
2021/01/18 15:00:09 [localhost:9013]	[PUT]	305	1000500	nk+QNQOqULbTViIREyAUH4kcJJv31oFcsosJBZKOKlU=
2021/01/18 15:00:09 [localhost:9000]	[GET]	3060	1000500	2Caq6wyRWERy6uz3chxmPd/PA22eh8eadXrD7C8po4c=
2021/01/18 15:00:09 [localhost:9008]	[PUT]	305	1000500	+GruzsefKaIV68DuxY3a7jgDUK6ulhKG1+vh87lEWtE=
2021/01/18 15:00:09 [localhost:9016]	[PUT]	305	1000500	XIXtQLd3uYuNFOv6abNfCYIZRHhP6tcRQL1M/D3pirE=
2021/01/18 15:00:09 [localhost:9014]	[PUT]	305	1000500	Dqxei4+gqS+VrC50vtAe696So5G3Kd56fO1pFUpx5GY=
2021/01/18 15:00:09 [localhost:9010]	[PUT]	304	1000500	D7hZ7VQcrxZGXonWZbxJSS6Lfw48mSXaUsOuzsX2+j8=
2021/01/18 15:00:09 [localhost:9000]	[PUT]	346	1000500	KxzF65H/0KbPGRAxVG859YI0t8VDQcw6rwYCh+h2gi0=
2021/01/18 15:00:09 [localhost:9021]	[PUT]	305	1000500	/23JbiPvlWPEnaMLDujsGLPPk45Q89eVRzQn+PqHgvI=
2021/01/18 15:00:09 [localhost:9007]	[PUT]	305	1000500	TQyBaOEs748PLOpHrHklOMujKVok2ra9MWTuqNfSvvg=
2021/01/18 15:00:09 [localhost:9020]	[PUT]	8	1000500	1i2kvVZjthhqTh/OjCQIdyOjjgLpjzwwk6u/2T2i720=
2021/01/18 15:00:09 [localhost:9000]	[PUT]	392	1000500	YwIj9gpGdNkqwt63GXimx9yx90+MJRTcidZnbd9/d5w=
2021/01/18 15:00:09 [localhost:9000]	[PUT]	400	1000500	Lxrz0SOvNCXnYb82n0wiZ2UW3MQ0Ycq4QRC+XAdfVEI=
2021/01/18 15:00:09 [localhost:9000]	[PUT]	405	1000500	bjzkad5ZEQ//UDZEEn9ot9Ro1OKrvfsMxJUApT2WRsM=
2021/01/18 15:00:09 [localhost:9000]	[PUT]	443	1000500	WoG3XkxbscLmXWlFx6fu0xxaSaFGhtoyzshMBtUKUYc=
2021/01/18 15:00:09 [localhost:9000]	[PUT]	231	1000500	/avdPSWfYJRCChw5hyjXbgHU6K1/UW86nmU8bUByaYE=
2021/01/18 15:00:09 [localhost:9008]	[PUT]	214	1000500	o88Vw+ZN3o3WwGphpSM0JTESS7YKgFLlGWjUkkJ34Sc=
2021/01/18 15:00:09 [localhost:9019]	[PUT]	214	1000500	mXjRroNr+iXuBp5ZP62QCCD6FVdcHlwlAboNgOkt36Q=
2021/01/18 15:00:09 [localhost:9002]	[PUT]	214	1000500	2XKGRmsQIA+rb8AxnWLpxKUJMGO/vnSGAK422zLbgrs=
2021/01/18 15:00:09 [localhost:9020]	[PUT]	213	1000500	8JW4pznP8eZv6V3gmChyFEvnoxPfE0ahX7Sb39zdCfY=
2021/01/18 15:00:09 [localhost:9017]	[PUT]	216	1000500	hxZ+3vxZeQeKjLSDIe6DgEVeXc912DtJN7b2cDfGxEg=
2021/01/18 15:00:09 [localhost:9016]	[PUT]	264	1000500	QAYJYlGrnOQNvzz4JwS2yS2k9Hc2HwwUoDLyuSkylec=
2021/01/18 15:00:09 [localhost:9010]	[PUT]	268	1000500	Ga4Sg6teTmifFBFyiWe336312yUoVgfwBllxzIo23vo=
2021/01/18 15:00:09 [localhost:9013]	[PUT]	270	1000500	e4c3U1/qMBZYg5R/h8QuxVGPFWmblrt2qdBciLUvbb4=
2021/01/18 15:00:10 [localhost:9008]	[PUT]	314	1000500	6DF+eTBZDlgy/S/UH3wURvl+HQ4/C9OKGEDqwcumETo=
