2021/01/18 14:59:39 [29345]	[PUT] Name Test-1MB Size 1000500 Hash: 2Caq6wyRWERy6uz3chxmPd/PA22eh8eadXrD7C8po4c=
2021/01/18 14:59:39 Listening on 9000 
2021/01/18 14:59:40 [29362]	[PUT] Name Test-1MB Size 1000500 Hash: kGeXgO7rHITq+Iw7wLY5/mB/XIRQyPRhzQbzFs+RRJg=
2021/01/18 14:59:40 Listening on 9001 
2021/01/18 14:59:40 [29380]	[PUT] Name Test-1MB Size 1000500 Hash: kQp9pcVX05Ca5kowCgbGsqs5P7bxBp1Cr5MIsL/M9eM=
2021/01/18 14:59:40 Listening on 9002 
2021/01/18 14:59:40 [29396]	[PUT] Name Test-1MB Size 1000500 Hash: HGfYpZEIwn1XAEMyr8KGaZlvP07MI53zETbIccKdYCM=
2021/01/18 14:59:40 Listening on 9003 
2021/01/18 14:59:40 [29413]	[PUT] Name Test-1MB Size 1000500 Hash: Cp/lfCxVzskeVgtNpUrUbK5WktAuNYD0PBePlTAhYwI=
2021/01/18 14:59:40 Listening on 9004 
2021/01/18 14:59:40 [29430]	[PUT] Name Test-1MB Size 1000500 Hash: dBrgFtgVhZ9D6vMyeddniC7V0diomC+aj2TuB9sgzHo=
2021/01/18 14:59:40 Listening on 9005 
2021/01/18 14:59:40 [29447]	[PUT] Name Test-1MB Size 1000500 Hash: 1v87l9+vJgBjclbiyiZj03eryAPsPFm5DMw7BFycL8E=
2021/01/18 14:59:40 Listening on 9006 
2021/01/18 14:59:40 [29463]	[PUT] Name Test-1MB Size 1000500 Hash: kLC+n83COQNk5hHC06Qxwkgvs7WxszlTRnQLt4TG9i0=
2021/01/18 14:59:40 Listening on 9007 
2021/01/18 14:59:40 [29480]	[PUT] Name Test-1MB Size 1000500 Hash: FXF/NS14TcowjHfAnacORBFYTQLL5nYWak1/aXthGAA=
2021/01/18 14:59:40 Listening on 9008 
2021/01/18 14:59:40 [29496]	[PUT] Name Test-1MB Size 1000500 Hash: eLdnN7GxgDx7NGIwVahc8Emu30CQ3AdDOG69KWzce18=
2021/01/18 14:59:40 Listening on 9009 
2021/01/18 14:59:40 [29512]	[PUT] Name Test-1MB Size 1000500 Hash: +b9ucyGS4n/B/Bxq1QNK9GqNLqJhcnnld073NMV2tco=
2021/01/18 14:59:40 Listening on 9010 
2021/01/18 14:59:40 [29528]	[PUT] Name Test-1MB Size 1000500 Hash: iZc0An35QCLHuK+gZBzUaSxa6qiR0/J5vGE8D2FM5xU=
2021/01/18 14:59:40 Listening on 9011 
2021/01/18 14:59:40 [29544]	[PUT] Name Test-1MB Size 1000500 Hash: bteMtGgyK80r7Q0TmFD587HGUGvjYMVfLkvsixk1vDs=
2021/01/18 14:59:40 Listening on 9012 
2021/01/18 14:59:40 [29561]	[PUT] Name Test-1MB Size 1000500 Hash: RiCJ3BADc/GAk12eKw5nFHz4Fw4JE61m2f+VcCjM+Zc=
2021/01/18 14:59:40 Listening on 9013 
2021/01/18 14:59:40 [29578]	[PUT] Name Test-1MB Size 1000500 Hash: k+TU7mJmRCKsEKMnmC7d0LIwZ7yy7f5KNLmu9lDnSU0=
2021/01/18 14:59:40 Listening on 9014 
2021/01/18 14:59:40 [29594]	[PUT] Name Test-1MB Size 1000500 Hash: OvDM6VJdfqXxXbqMu+/jBTpmQsZxQgMTP0I4rQ6gm5E=
2021/01/18 14:59:40 Listening on 9015 
2021/01/18 14:59:40 [29610]	[PUT] Name Test-1MB Size 1000500 Hash: uBCO/0Bu1cCTOVMQVyulW0ymTcRRXNaQk2TafTdObdY=
2021/01/18 14:59:40 Listening on 9016 
2021/01/18 14:59:40 [29626]	[PUT] Name Test-1MB Size 1000500 Hash: EN+MPZiRYSfbLyl1yPR69zAgHSH20qjNKCX2lTsy03s=
2021/01/18 14:59:40 Listening on 9017 
2021/01/18 14:59:40 [29642]	[PUT] Name Test-1MB Size 1000500 Hash: 7nQgdosA2QFxk2DKQ/c/ock5coh6erk6M4UqR3d+DxA=
2021/01/18 14:59:40 Listening on 9018 
2021/01/18 14:59:40 [29658]	[PUT] Name Test-1MB Size 1000500 Hash: iJ4Q+wEk3uqupKySxJmWEyyBC6oSE7bIJyFvS8TpaRA=
2021/01/18 14:59:40 Listening on 9019 
2021/01/18 14:59:40 [29674]	[PUT] Name Test-1MB Size 1000500 Hash: 2kORvDZn0EUBNLGc8bxgZBWbNKDrFxnbsA0keCJOYNs=
2021/01/18 14:59:40 Listening on 9020 
2021/01/18 14:59:40 [29690]	[PUT] Name Test-1MB Size 1000500 Hash: H09S01RcdN4s9e4ZE8T2qj1QRSOau7umU+f/bjW/nf8=
2021/01/18 14:59:40 Listening on 9021 
2021/01/18 14:59:40 [29706]	[PUT] Name Test-1MB Size 1000500 Hash: htq9YG/4ynhiAt2nql9i/uKNwyAo9gWH2FDS5AF3gXk=
2021/01/18 14:59:40 Listening on 9022 
2021/01/18 14:59:40 [29722]	[PUT] Name Test-1MB Size 1000500 Hash: KHdJwJVfPtkNOtNiuoYvW2cl4mipr/x1TXn3t5lA1Zo=
2021/01/18 14:59:40 Listening on 9023 
2021/01/18 14:59:40 [29738]	[PUT] Name Test-1MB Size 1000500 Hash: PyK62gH3CwTLWyMGrEelXa2MfeZDfo7qynQZLkTkrng=
2021/01/18 14:59:40 Listening on 9024 
2021/01/18 15:00:06 [29345]	[GET] Name Test-1MB Size 1000500 Hash: 2Caq6wyRWERy6uz3chxmPd/PA22eh8eadXrD7C8po4c=
2021/01/18 15:00:06 [29561]	[GET] Name Test-1MB Size 1000500 Hash: RiCJ3BADc/GAk12eKw5nFHz4Fw4JE61m2f+VcCjM+Zc=
2021/01/18 15:00:06 [29738]	[GET] Name Test-1MB Size 1000500 Hash: PyK62gH3CwTLWyMGrEelXa2MfeZDfo7qynQZLkTkrng=
2021/01/18 15:00:06 [29496]	[GET] Name Test-1MB Size 1000500 Hash: eLdnN7GxgDx7NGIwVahc8Emu30CQ3AdDOG69KWzce18=
2021/01/18 15:00:06 [29362]	[GET] Name Test-1MB Size 1000500 Hash: kGeXgO7rHITq+Iw7wLY5/mB/XIRQyPRhzQbzFs+RRJg=
2021/01/18 15:00:06 [29528]	[GET] Name Test-1MB Size 1000500 Hash: iZc0An35QCLHuK+gZBzUaSxa6qiR0/J5vGE8D2FM5xU=
2021/01/18 15:00:06 [29690]	[GET] Name Test-1MB Size 1000500 Hash: H09S01RcdN4s9e4ZE8T2qj1QRSOau7umU+f/bjW/nf8=
2021/01/18 15:00:06 [29722]	[GET] Name Test-1MB Size 1000500 Hash: KHdJwJVfPtkNOtNiuoYvW2cl4mipr/x1TXn3t5lA1Zo=
2021/01/18 15:00:06 [29738]	[GET] Name Test-1MB Size 1000500 Hash: PyK62gH3CwTLWyMGrEelXa2MfeZDfo7qynQZLkTkrng=
2021/01/18 15:00:06 [29345]	[GET] Name Test-1MB Size 1000500 Hash: 2Caq6wyRWERy6uz3chxmPd/PA22eh8eadXrD7C8po4c=
2021/01/18 15:00:06 [29380]	[GET] Name Test-1MB Size 1000500 Hash: kQp9pcVX05Ca5kowCgbGsqs5P7bxBp1Cr5MIsL/M9eM=
2021/01/18 15:00:06 [29658]	[GET] Name Test-1MB Size 1000500 Hash: iJ4Q+wEk3uqupKySxJmWEyyBC6oSE7bIJyFvS8TpaRA=
2021/01/18 15:00:06 [29722]	[GET] Name Test-1MB Size 1000500 Hash: KHdJwJVfPtkNOtNiuoYvW2cl4mipr/x1TXn3t5lA1Zo=
2021/01/18 15:00:06 [29626]	[GET] Name Test-1MB Size 1000500 Hash: EN+MPZiRYSfbLyl1yPR69zAgHSH20qjNKCX2lTsy03s=
2021/01/18 15:00:06 [29578]	[GET] Name Test-1MB Size 1000500 Hash: k+TU7mJmRCKsEKMnmC7d0LIwZ7yy7f5KNLmu9lDnSU0=
2021/01/18 15:00:06 [29610]	[GET] Name Test-1MB Size 1000500 Hash: uBCO/0Bu1cCTOVMQVyulW0ymTcRRXNaQk2TafTdObdY=
2021/01/18 15:00:06 [29463]	[GET] Name Test-1MB Size 1000500 Hash: kLC+n83COQNk5hHC06Qxwkgvs7WxszlTRnQLt4TG9i0=
2021/01/18 15:00:06 [29496]	[GET] Name Test-1MB Size 1000500 Hash: eLdnN7GxgDx7NGIwVahc8Emu30CQ3AdDOG69KWzce18=
2021/01/18 15:00:06 [29722]	[GET] Name Test-1MB Size 1000500 Hash: KHdJwJVfPtkNOtNiuoYvW2cl4mipr/x1TXn3t5lA1Zo=
2021/01/18 15:00:06 [29626]	[GET] Name Test-1MB Size 1000500 Hash: EN+MPZiRYSfbLyl1yPR69zAgHSH20qjNKCX2lTsy03s=
2021/01/18 15:00:06 [29528]	[GET] Name Test-1MB Size 1000500 Hash: iZc0An35QCLHuK+gZBzUaSxa6qiR0/J5vGE8D2FM5xU=
2021/01/18 15:00:06 [29544]	[GET] Name Test-1MB Size 1000500 Hash: bteMtGgyK80r7Q0TmFD587HGUGvjYMVfLkvsixk1vDs=
2021/01/18 15:00:06 [29480]	[GET] Name Test-1MB Size 1000500 Hash: FXF/NS14TcowjHfAnacORBFYTQLL5nYWak1/aXthGAA=
2021/01/18 15:00:06 [29722]	[GET] Name Test-1MB Size 1000500 Hash: KHdJwJVfPtkNOtNiuoYvW2cl4mipr/x1TXn3t5lA1Zo=
2021/01/18 15:00:06 [29430]	[GET] Name Test-1MB Size 1000500 Hash: dBrgFtgVhZ9D6vMyeddniC7V0diomC+aj2TuB9sgzHo=
2021/01/18 15:00:06 [29463]	[GET] Name Test-1MB Size 1000500 Hash: kLC+n83COQNk5hHC06Qxwkgvs7WxszlTRnQLt4TG9i0=
2021/01/18 15:00:06 [29544]	[GET] Name Test-1MB Size 1000500 Hash: bteMtGgyK80r7Q0TmFD587HGUGvjYMVfLkvsixk1vDs=
2021/01/18 15:00:06 [29362]	[GET] Name Test-1MB Size 1000500 Hash: kGeXgO7rHITq+Iw7wLY5/mB/XIRQyPRhzQbzFs+RRJg=
2021/01/18 15:00:06 [29544]	[GET] Name Test-1MB Size 1000500 Hash: bteMtGgyK80r7Q0TmFD587HGUGvjYMVfLkvsixk1vDs=
2021/01/18 15:00:06 [29578]	[GET] Name Test-1MB Size 1000500 Hash: k+TU7mJmRCKsEKMnmC7d0LIwZ7yy7f5KNLmu9lDnSU0=
2021/01/18 15:00:06 [29594]	[GET] Name Test-1MB Size 1000500 Hash: OvDM6VJdfqXxXbqMu+/jBTpmQsZxQgMTP0I4rQ6gm5E=
2021/01/18 15:00:06 [29594]	[GET] Name Test-1MB Size 1000500 Hash: OvDM6VJdfqXxXbqMu+/jBTpmQsZxQgMTP0I4rQ6gm5E=
2021/01/18 15:00:06 [29447]	[GET] Name Test-1MB Size 1000500 Hash: 1v87l9+vJgBjclbiyiZj03eryAPsPFm5DMw7BFycL8E=
2021/01/18 15:00:06 [29447]	[GET] Name Test-1MB Size 1000500 Hash: 1v87l9+vJgBjclbiyiZj03eryAPsPFm5DMw7BFycL8E=
2021/01/18 15:00:06 [29430]	[GET] Name Test-1MB Size 1000500 Hash: dBrgFtgVhZ9D6vMyeddniC7V0diomC+aj2TuB9sgzHo=
2021/01/18 15:00:06 [29463]	[GET] Name Test-1MB Size 1000500 Hash: kLC+n83COQNk5hHC06Qxwkgvs7WxszlTRnQLt4TG9i0=
2021/01/18 15:00:06 [29413]	[GET] Name Test-1MB Size 1000500 Hash: Cp/lfCxVzskeVgtNpUrUbK5WktAuNYD0PBePlTAhYwI=
2021/01/18 15:00:06 [29528]	[GET] Name Test-1MB Size 1000500 Hash: iZc0An35QCLHuK+gZBzUaSxa6qiR0/J5vGE8D2FM5xU=
2021/01/18 15:00:06 [29642]	[GET] Name Test-1MB Size 1000500 Hash: 7nQgdosA2QFxk2DKQ/c/ock5coh6erk6M4UqR3d+DxA=
2021/01/18 15:00:06 [29413]	[GET] Name Test-1MB Size 1000500 Hash: Cp/lfCxVzskeVgtNpUrUbK5WktAuNYD0PBePlTAhYwI=
2021/01/18 15:00:06 [29496]	[GET] Name Test-1MB Size 1000500 Hash: eLdnN7GxgDx7NGIwVahc8Emu30CQ3AdDOG69KWzce18=
2021/01/18 15:00:06 [29512]	[GET] Name Test-1MB Size 1000500 Hash: +b9ucyGS4n/B/Bxq1QNK9GqNLqJhcnnld073NMV2tco=
2021/01/18 15:00:06 [29642]	[GET] Name Test-1MB Size 1000500 Hash: 7nQgdosA2QFxk2DKQ/c/ock5coh6erk6M4UqR3d+DxA=
2021/01/18 15:00:06 [29480]	[GET] Name Test-1MB Size 1000500 Hash: FXF/NS14TcowjHfAnacORBFYTQLL5nYWak1/aXthGAA=
2021/01/18 15:00:06 [29544]	[GET] Name Test-1MB Size 1000500 Hash: bteMtGgyK80r7Q0TmFD587HGUGvjYMVfLkvsixk1vDs=
2021/01/18 15:00:06 [29706]	[GET] Name Test-1MB Size 1000500 Hash: htq9YG/4ynhiAt2nql9i/uKNwyAo9gWH2FDS5AF3gXk=
2021/01/18 15:00:06 [29642]	[GET] Name Test-1MB Size 1000500 Hash: 7nQgdosA2QFxk2DKQ/c/ock5coh6erk6M4UqR3d+DxA=
2021/01/18 15:00:06 [29690]	[GET] Name Test-1MB Size 1000500 Hash: H09S01RcdN4s9e4ZE8T2qj1QRSOau7umU+f/bjW/nf8=
2021/01/18 15:00:06 [29447]	[GET] Name Test-1MB Size 1000500 Hash: 1v87l9+vJgBjclbiyiZj03eryAPsPFm5DMw7BFycL8E=
2021/01/18 15:00:06 [29345]	[GET] Name Test-1MB Size 1000500 Hash: 2Caq6wyRWERy6uz3chxmPd/PA22eh8eadXrD7C8po4c=
2021/01/18 15:00:06 [29610]	[GET] Name Test-1MB Size 1000500 Hash: uBCO/0Bu1cCTOVMQVyulW0ymTcRRXNaQk2TafTdObdY=
2021/01/18 15:00:06 [29463]	[GET] Name Test-1MB Size 1000500 Hash: kLC+n83COQNk5hHC06Qxwkgvs7WxszlTRnQLt4TG9i0=
2021/01/18 15:00:06 [29578]	[GET] Name Test-1MB Size 1000500 Hash: k+TU7mJmRCKsEKMnmC7d0LIwZ7yy7f5KNLmu9lDnSU0=
2021/01/18 15:00:06 [29413]	[GET] Name Test-1MB Size 1000500 Hash: Cp/lfCxVzskeVgtNpUrUbK5WktAuNYD0PBePlTAhYwI=
2021/01/18 15:00:06 [29528]	[GET] Name Test-1MB Size 1000500 Hash: iZc0An35QCLHuK+gZBzUaSxa6qiR0/J5vGE8D2FM5xU=
2021/01/18 15:00:06 [29706]	[GET] Name Test-1MB Size 1000500 Hash: htq9YG/4ynhiAt2nql9i/uKNwyAo9gWH2FDS5AF3gXk=
2021/01/18 15:00:06 [29738]	[GET] Name Test-1MB Size 1000500 Hash: PyK62gH3CwTLWyMGrEelXa2MfeZDfo7qynQZLkTkrng=
2021/01/18 15:00:06 [29544]	[GET] Name Test-1MB Size 1000500 Hash: bteMtGgyK80r7Q0TmFD587HGUGvjYMVfLkvsixk1vDs=
2021/01/18 15:00:06 [29610]	[GET] Name Test-1MB Size 1000500 Hash: uBCO/0Bu1cCTOVMQVyulW0ymTcRRXNaQk2TafTdObdY=
2021/01/18 15:00:06 [29561]	[GET] Name Test-1MB Size 1000500 Hash: RiCJ3BADc/GAk12eKw5nFHz4Fw4JE61m2f+VcCjM+Zc=
2021/01/18 15:00:06 [29496]	[GET] Name Test-1MB Size 1000500 Hash: eLdnN7GxgDx7NGIwVahc8Emu30CQ3AdDOG69KWzce18=
2021/01/18 15:00:06 [29480]	[GET] Name Test-1MB Size 1000500 Hash: FXF/NS14TcowjHfAnacORBFYTQLL5nYWak1/aXthGAA=
2021/01/18 15:00:06 [29396]	[GET] Name Test-1MB Size 1000500 Hash: HGfYpZEIwn1XAEMyr8KGaZlvP07MI53zETbIccKdYCM=
2021/01/18 15:00:06 [29396]	[GET] Name Test-1MB Size 1000500 Hash: HGfYpZEIwn1XAEMyr8KGaZlvP07MI53zETbIccKdYCM=
2021/01/18 15:00:06 [29690]	[GET] Name Test-1MB Size 1000500 Hash: H09S01RcdN4s9e4ZE8T2qj1QRSOau7umU+f/bjW/nf8=
2021/01/18 15:00:06 [29561]	[GET] Name Test-1MB Size 1000500 Hash: RiCJ3BADc/GAk12eKw5nFHz4Fw4JE61m2f+VcCjM+Zc=
2021/01/18 15:00:06 [29362]	[GET] Name Test-1MB Size 1000500 Hash: kGeXgO7rHITq+Iw7wLY5/mB/XIRQyPRhzQbzFs+RRJg=
2021/01/18 15:00:06 [29706]	[GET] Name Test-1MB Size 1000500 Hash: htq9YG/4ynhiAt2nql9i/uKNwyAo9gWH2FDS5AF3gXk=
2021/01/18 15:00:06 [29512]	[GET] Name Test-1MB Size 1000500 Hash: +b9ucyGS4n/B/Bxq1QNK9GqNLqJhcnnld073NMV2tco=
2021/01/18 15:00:06 [29345]	[GET] Name Test-1MB Size 1000500 Hash: 2Caq6wyRWERy6uz3chxmPd/PA22eh8eadXrD7C8po4c=
2021/01/18 15:00:06 [29447]	[GET] Name Test-1MB Size 1000500 Hash: 1v87l9+vJgBjclbiyiZj03eryAPsPFm5DMw7BFycL8E=
2021/01/18 15:00:06 [29610]	[GET] Name Test-1MB Size 1000500 Hash: uBCO/0Bu1cCTOVMQVyulW0ymTcRRXNaQk2TafTdObdY=
2021/01/18 15:00:06 [29345]	[GET] Name Test-1MB Size 1000500 Hash: 2Caq6wyRWERy6uz3chxmPd/PA22eh8eadXrD7C8po4c=
2021/01/18 15:00:06 [29738]	[GET] Name Test-1MB Size 1000500 Hash: PyK62gH3CwTLWyMGrEelXa2MfeZDfo7qynQZLkTkrng=
2021/01/18 15:00:06 [29594]	[GET] Name Test-1MB Size 1000500 Hash: OvDM6VJdfqXxXbqMu+/jBTpmQsZxQgMTP0I4rQ6gm5E=
2021/01/18 15:00:06 [29447]	[GET] Name Test-1MB Size 1000500 Hash: 1v87l9+vJgBjclbiyiZj03eryAPsPFm5DMw7BFycL8E=
2021/01/18 15:00:06 [29345]	[GET] Name Test-1MB Size 1000500 Hash: 2Caq6wyRWERy6uz3chxmPd/PA22eh8eadXrD7C8po4c=
2021/01/18 15:00:06 [29658]	[GET] Name Test-1MB Size 1000500 Hash: iJ4Q+wEk3uqupKySxJmWEyyBC6oSE7bIJyFvS8TpaRA=
2021/01/18 15:00:06 [29674]	[GET] Name Test-1MB Size 1000500 Hash: 2kORvDZn0EUBNLGc8bxgZBWbNKDrFxnbsA0keCJOYNs=
2021/01/18 15:00:06 [29626]	[GET] Name Test-1MB Size 1000500 Hash: EN+MPZiRYSfbLyl1yPR69zAgHSH20qjNKCX2lTsy03s=
2021/01/18 15:00:06 [29345]	[GET] Name Test-1MB Size 1000500 Hash: 2Caq6wyRWERy6uz3chxmPd/PA22eh8eadXrD7C8po4c=
2021/01/18 15:00:06 [29396]	[GET] Name Test-1MB Size 1000500 Hash: HGfYpZEIwn1XAEMyr8KGaZlvP07MI53zETbIccKdYCM=
2021/01/18 15:00:06 [29430]	[GET] Name Test-1MB Size 1000500 Hash: dBrgFtgVhZ9D6vMyeddniC7V0diomC+aj2TuB9sgzHo=
2021/01/18 15:00:06 [29626]	[GET] Name Test-1MB Size 1000500 Hash: EN+MPZiRYSfbLyl1yPR69zAgHSH20qjNKCX2lTsy03s=
2021/01/18 15:00:06 [29610]	[GET] Name Test-1MB Size 1000500 Hash: uBCO/0Bu1cCTOVMQVyulW0ymTcRRXNaQk2TafTdObdY=
2021/01/18 15:00:06 [29463]	[GET] Name Test-1MB Size 1000500 Hash: kLC+n83COQNk5hHC06Qxwkgvs7WxszlTRnQLt4TG9i0=
2021/01/18 15:00:06 [29642]	[GET] Name Test-1MB Size 1000500 Hash: 7nQgdosA2QFxk2DKQ/c/ock5coh6erk6M4UqR3d+DxA=
2021/01/18 15:00:06 [29674]	[GET] Name Test-1MB Size 1000500 Hash: 2kORvDZn0EUBNLGc8bxgZBWbNKDrFxnbsA0keCJOYNs=
2021/01/18 15:00:06 [29430]	[GET] Name Test-1MB Size 1000500 Hash: dBrgFtgVhZ9D6vMyeddniC7V0diomC+aj2TuB9sgzHo=
2021/01/18 15:00:06 [29544]	[GET] Name Test-1MB Size 1000500 Hash: bteMtGgyK80r7Q0TmFD587HGUGvjYMVfLkvsixk1vDs=
2021/01/18 15:00:06 [29528]	[GET] Name Test-1MB Size 1000500 Hash: iZc0An35QCLHuK+gZBzUaSxa6qiR0/J5vGE8D2FM5xU=
2021/01/18 15:00:06 [29642]	[GET] Name Test-1MB Size 1000500 Hash: 7nQgdosA2QFxk2DKQ/c/ock5coh6erk6M4UqR3d+DxA=
2021/01/18 15:00:06 [29396]	[GET] Name Test-1MB Size 1000500 Hash: HGfYpZEIwn1XAEMyr8KGaZlvP07MI53zETbIccKdYCM=
2021/01/18 15:00:06 [29345]	[GET] Name Test-1MB Size 1000500 Hash: 2Caq6wyRWERy6uz3chxmPd/PA22eh8eadXrD7C8po4c=
2021/01/18 15:00:06 [29430]	[GET] Name Test-1MB Size 1000500 Hash: dBrgFtgVhZ9D6vMyeddniC7V0diomC+aj2TuB9sgzHo=
2021/01/18 15:00:06 [29594]	[GET] Name Test-1MB Size 1000500 Hash: OvDM6VJdfqXxXbqMu+/jBTpmQsZxQgMTP0I4rQ6gm5E=
2021/01/18 15:00:06 [29362]	[GET] Name Test-1MB Size 1000500 Hash: kGeXgO7rHITq+Iw7wLY5/mB/XIRQyPRhzQbzFs+RRJg=
2021/01/18 15:00:06 [29430]	[GET] Name Test-1MB Size 1000500 Hash: dBrgFtgVhZ9D6vMyeddniC7V0diomC+aj2TuB9sgzHo=
2021/01/18 15:00:06 [29463]	[GET] Name Test-1MB Size 1000500 Hash: kLC+n83COQNk5hHC06Qxwkgvs7WxszlTRnQLt4TG9i0=
2021/01/18 15:00:06 [29480]	[GET] Name Test-1MB Size 1000500 Hash: FXF/NS14TcowjHfAnacORBFYTQLL5nYWak1/aXthGAA=
2021/01/18 15:00:08 [29706]	[PUT] Name a2xDx07vs3s4SmvnGkET6TZ/+86wmIhqC+1jbpUg8nU= Size 1000500 Hash: a2xDx07vs3s4SmvnGkET6TZ/+86wmIhqC+1jbpUg8nU=
2021/01/18 15:00:08 [29690]	[PUT] Name wRjL3kwz7ui0xKvzlsgGr/4VZMRYUvNZIQ0VUKKzx1s= Size 1000500 Hash: wRjL3kwz7ui0xKvzlsgGr/4VZMRYUvNZIQ0VUKKzx1s=
2021/01/18 15:00:08 [29496]	[PUT] Name Zex4wmDxO8JCtqWzhw3OTci8kwKI8dp0MRodUfIbyS0= Size 1000500 Hash: Zex4wmDxO8JCtqWzhw3OTci8kwKI8dp0MRodUfIbyS0=
2021/01/18 15:00:08 [29626]	[PUT] Name RjUd1vlxDUC64IXKfZ6Kr4LhvXIKM1qSTDRvGL3Xmrc= Size 1000500 Hash: RjUd1vlxDUC64IXKfZ6Kr4LhvXIKM1qSTDRvGL3Xmrc=
2021/01/18 15:00:08 [29512]	[PUT] Name LwBGr4IEb2Bmhyzxtt4/xUP61fIkVunb/Hm5RejGIaI= Size 1000500 Hash: LwBGr4IEb2Bmhyzxtt4/xUP61fIkVunb/Hm5RejGIaI=
2021/01/18 15:00:08 [29396]	[PUT] Name LMkPkdgY2KTikTVDzYrvgbtQaw5R0xE8CTL2YA1d5OQ= Size 1000500 Hash: LMkPkdgY2KTikTVDzYrvgbtQaw5R0xE8CTL2YA1d5OQ=
2021/01/18 15:00:08 [29396]	[PUT] Name F/B21PLWNAgE90+eFO0cbWmxyIdG7aRst+QGmklBDMs= Size 1000500 Hash: F/B21PLWNAgE90+eFO0cbWmxyIdG7aRst+QGmklBDMs=
2021/01/18 15:00:08 [29722]	[PUT] Name GHF672jpks0sYC/M4rRxx7iQz5tYhesjR4ovV/o0Wvc= Size 1000500 Hash: GHF672jpks0sYC/M4rRxx7iQz5tYhesjR4ovV/o0Wvc=
2021/01/18 15:00:08 [29380]	[PUT] Name lGt4VPE1JlspGwTHZzEOB33s2g7Crj0QVpB3a/dUbcY= Size 1000500 Hash: lGt4VPE1JlspGwTHZzEOB33s2g7Crj0QVpB3a/dUbcY=
2021/01/18 15:00:08 [29642]	[PUT] Name wdgc0BwqzqT3S/p0n8+K1N0WAR93hDsuD49Ch6Q5AkY= Size 1000500 Hash: wdgc0BwqzqT3S/p0n8+K1N0WAR93hDsuD49Ch6Q5AkY=
2021/01/18 15:00:08 [29362]	[PUT] Name 9+VIMlVy69OBZ6x9KKhoQYUIWbYg3HbkpzUizGxOP/Q= Size 1000500 Hash: 9+VIMlVy69OBZ6x9KKhoQYUIWbYg3HbkpzUizGxOP/Q=
2021/01/18 15:00:08 [29413]	[PUT] Name 3ddgf3u+mmjnWcgB8yWk/9Djv63kN6Pd1iQGhMjrGU0= Size 1000500 Hash: 3ddgf3u+mmjnWcgB8yWk/9Djv63kN6Pd1iQGhMjrGU0=
2021/01/18 15:00:08 [29626]	[PUT] Name O+6lq9iv4H9PyXgc8tsEtRZe3bnfxVbfR2IO+0GPukw= Size 1000500 Hash: O+6lq9iv4H9PyXgc8tsEtRZe3bnfxVbfR2IO+0GPukw=
2021/01/18 15:00:09 [29447]	[PUT] Name SHUoi/CJkwkkFA3Ut2CfW9iyOohy3tBl8RI6X61tCH0= Size 1000500 Hash: SHUoi/CJkwkkFA3Ut2CfW9iyOohy3tBl8RI6X61tCH0=
2021/01/18 15:00:09 [29674]	[PUT] Name /x6ocFqaE7Qw7JHVby73z5E2QZReNjhm+005AmLQBTc= Size 1000500 Hash: /x6ocFqaE7Qw7JHVby73z5E2QZReNjhm+005AmLQBTc=
2021/01/18 15:00:09 [29512]	[PUT] Name /pjZ9sNvbBQS3GnIFfrP9fhqxX5P2nXARQ4WOpPSV+s= Size 1000500 Hash: /pjZ9sNvbBQS3GnIFfrP9fhqxX5P2nXARQ4WOpPSV+s=
2021/01/18 15:00:09 [29447]	[PUT] Name ECg3bDmnuHhY4jVh+L7Jqjz4D0BtsLKx09u+UwWOkf8= Size 1000500 Hash: ECg3bDmnuHhY4jVh+L7Jqjz4D0BtsLKx09u+UwWOkf8=
2021/01/18 15:00:09 [29561]	[PUT] Name IYgUq22izyJ3881wxw2WqL4Tb6KDt1SfAUxkNywRaCI= Size 1000500 Hash: IYgUq22izyJ3881wxw2WqL4Tb6KDt1SfAUxkNywRaCI=
2021/01/18 15:00:09 [29674]	[PUT] Name jxfJ33bcoK4Aq1vSbQ0GauQ+imEBEFADvPJ2xHcAt8k= Size 1000500 Hash: jxfJ33bcoK4Aq1vSbQ0GauQ+imEBEFADvPJ2xHcAt8k=
2021/01/18 15:00:09 [29626]	[PUT] Name x6DKD1eQ7JniUS6NjfdYOs1Ee3q8A5JCJFBWEHl7Sb4= Size 1000500 Hash: x6DKD1eQ7JniUS6NjfdYOs1Ee3q8A5JCJFBWEHl7Sb4=
2021/01/18 15:00:09 [29642]	[PUT] Name Oo/MXHxcrk758VZ2DahuwHyThomWHWIuqptSpLvVlDA= Size 1000500 Hash: Oo/MXHxcrk758VZ2DahuwHyThomWHWIuqptSpLvVlDA=
2021/01/18 15:00:09 [29626]	[PUT] Name ZNgcE0EEdphs1NjMbwjA7APVsXwsza2uaznyOf9I6LA= Size 1000500 Hash: ZNgcE0EEdphs1NjMbwjA7APVsXwsza2uaznyOf9I6LA=
2021/01/18 15:00:09 [29594]	[PUT] Name pd4qg6c/ZjdmeBKt9ipZ7fwIfOo6x3jIw5maQPdn6/Q= Size 1000500 Hash: pd4qg6c/ZjdmeBKt9ipZ7fwIfOo6x3jIw5maQPdn6/Q=
2021/01/18 15:00:09 [29738]	[PUT] Name w99XEapt2r/CvkeDnrYDACv26C9eEi71moXxiT9Y4x4= Size 1000500 Hash: w99XEapt2r/CvkeDnrYDACv26C9eEi71moXxiT9Y4x4=
2021/01/18 15:00:09 [29528]	[PUT] Name eRMs0ZLBEyyDNOz5fYzTlZ+y3u0opyPpTez+Qg0U9cc= Size 1000500 Hash: eRMs0ZLBEyyDNOz5fYzTlZ+y3u0opyPpTez+Qg0U9cc=
2021/01/18 15:00:09 [29362]	[PUT] Name 5VmabQ675226gvKtIhxruqiUdDHnKwvx6R45KbKyXN8= Size 1000500 Hash: 5VmabQ675226gvKtIhxruqiUdDHnKwvx6R45KbKyXN8=
2021/01/18 15:00:09 [29413]	[PUT] Name TqnKRyRFberxGYaNCMNvCWLco67ITuU4m3oJoW+6Hqc= Size 1000500 Hash: TqnKRyRFberxGYaNCMNvCWLco67ITuU4m3oJoW+6Hqc=
2021/01/18 15:00:09 [29578]	[PUT] Name ee3KCSRvhCj0qoIP11ATGrUmjAxfiVTB5UyLCbbQQfc= Size 1000500 Hash: ee3KCSRvhCj0qoIP11ATGrUmjAxfiVTB5UyLCbbQQfc=
2021/01/18 15:00:09 [29528]	[PUT] Name fjby31RdkT2qk6kpfzrA1pru5nrRE1s1Aan4jMo4LrY= Size 1000500 Hash: fjby31RdkT2qk6kpfzrA1pru5nrRE1s1Aan4jMo4LrY=
2021/01/18 15:00:09 [29594]	[PUT] Name fAKkw5cdHRvlQR/zNao9WDZ6WpWXJhvLIXPjDkH6VZY= Size 1000500 Hash: fAKkw5cdHRvlQR/zNao9WDZ6WpWXJhvLIXPjDkH6VZY=
2021/01/18 15:00:09 [29463]	[PUT] Name O9JHzEzUDJM4nbzuQyL55pm6uhdQp59enYlyvq4+3LU= Size 1000500 Hash: O9JHzEzUDJM4nbzuQyL55pm6uhdQp59enYlyvq4+3LU=
2021/01/18 15:00:09 [29396]	[PUT] Name ROXz8PllVan3dio+pLAmOThbk509ArAKBdy51kP3k5c= Size 1000500 Hash: ROXz8PllVan3dio+pLAmOThbk509ArAKBdy51kP3k5c=
2021/01/18 15:00:09 [29528]	[PUT] Name r53/RZOaMvj3FoiM25caEfpjvp7m/b8YFFYGbVVguRg= Size 1000500 Hash: r53/RZOaMvj3FoiM25caEfpjvp7m/b8YFFYGbVVguRg=
2021/01/18 15:00:09 [29544]	[PUT] Name vBAMFW5uaHkLMLNrNWzB0WYE9EAQOg8CE+TdQ4tq/UA= Size 1000500 Hash: vBAMFW5uaHkLMLNrNWzB0WYE9EAQOg8CE+TdQ4tq/UA=
2021/01/18 15:00:09 [29362]	[PUT] Name KEV/lH954K7D9fsfumeQ7hjnIyVMlZlfdv45sqm9/7k= Size 1000500 Hash: KEV/lH954K7D9fsfumeQ7hjnIyVMlZlfdv45sqm9/7k=
2021/01/18 15:00:09 [29578]	[PUT] Name L9ffCqBgRN7p8btoBcR53tbzPn92+Pu6bJpdBvpzUVw= Size 1000500 Hash: L9ffCqBgRN7p8btoBcR53tbzPn92+Pu6bJpdBvpzUVw=
2021/01/18 15:00:09 [29544]	[PUT] Name GfFtPyuiaQt8NbhBoKr8btQngRqb2BnurkomLl5R4KY= Size 1000500 Hash: GfFtPyuiaQt8NbhBoKr8btQngRqb2BnurkomLl5R4KY=
2021/01/18 15:00:09 [29362]	[PUT] Name hvod7hFsDPycqzqEV+lH91Mkg3I2n+HUKB6PvjS2x8Q= Size 1000500 Hash: hvod7hFsDPycqzqEV+lH91Mkg3I2n+HUKB6PvjS2x8Q=
2021/01/18 15:00:09 [29447]	[PUT] Name AFTjTrrK3XtfN+kpMSeXrhkI+GhgPmr0cJelvu7uB/s= Size 1000500 Hash: AFTjTrrK3XtfN+kpMSeXrhkI+GhgPmr0cJelvu7uB/s=
2021/01/18 15:00:09 [29610]	[PUT] Name HiUt3Hx1Yv08PZ6xEc4/d5lTFfreqPGSi9dnIvx7QNQ= Size 1000500 Hash: HiUt3Hx1Yv08PZ6xEc4/d5lTFfreqPGSi9dnIvx7QNQ=
2021/01/18 15:00:09 [29480]	[PUT] Name mVxjBC/OTfV3XS1K99aAADRx4Fmi1sNgXYa2CN+8YuM= Size 1000500 Hash: mVxjBC/OTfV3XS1K99aAADRx4Fmi1sNgXYa2CN+8YuM=
2021/01/18 15:00:09 [29512]	[PUT] Name e2cYW10DzNWdAtjlPhYbOmfMagzY8z+sL9OvpKOui5k= Size 1000500 Hash: e2cYW10DzNWdAtjlPhYbOmfMagzY8z+sL9OvpKOui5k=
2021/01/18 15:00:09 [29413]	[PUT] Name HJVnDpi0Z0sgyH3mZMHEl91FWekMoakzhyC/2Lt/91I= Size 1000500 Hash: HJVnDpi0Z0sgyH3mZMHEl91FWekMoakzhyC/2Lt/91I=
2021/01/18 15:00:09 [29722]	[PUT] Name tW+MNJcGrJMiipOw3nJFdsxzO806C4gp7AU04FLqDeI= Size 1000500 Hash: tW+MNJcGrJMiipOw3nJFdsxzO806C4gp7AU04FLqDeI=
2021/01/18 15:00:09 [29722]	[PUT] Name v03tyrAnyQ7gnWpzp3uA7yYjLQBxqgYZxdMGj0bD++I= Size 1000500 Hash: v03tyrAnyQ7gnWpzp3uA7yYjLQBxqgYZxdMGj0bD++I=
2021/01/18 15:00:09 [29396]	[PUT] Name +MeXCNrPDRL/wUZHXfiFV3IPa8QGw4rMN7zmuNEOL/0= Size 1000500 Hash: +MeXCNrPDRL/wUZHXfiFV3IPa8QGw4rMN7zmuNEOL/0=
2021/01/18 15:00:09 [29463]	[PUT] Name 4Gi31N4gnEI83bJ0L39lNCHKGXiSKQkt4Wcy0g8COMo= Size 1000500 Hash: 4Gi31N4gnEI83bJ0L39lNCHKGXiSKQkt4Wcy0g8COMo=
2021/01/18 15:00:09 [29642]	[PUT] Name zv+IT4S8azgFiYDbcuw8PRIdfBJbkcbZeuNy9ajqtYk= Size 1000500 Hash: zv+IT4S8azgFiYDbcuw8PRIdfBJbkcbZeuNy9ajqtYk=
2021/01/18 15:00:09 [29380]	[PUT] Name JbRXlY1UjiicghWtUgYi1Ls6eIYTSUldKg+DwXwwwXU= Size 1000500 Hash: JbRXlY1UjiicghWtUgYi1Ls6eIYTSUldKg+DwXwwwXU=
2021/01/18 15:00:09 [29690]	[PUT] Name LEV1RYYnIenwuIhr9qPD5F5fdfOng9JHjIAh7kJ6B+0= Size 1000500 Hash: LEV1RYYnIenwuIhr9qPD5F5fdfOng9JHjIAh7kJ6B+0=
2021/01/18 15:00:09 [29561]	[PUT] Name EX7rWS5MCchj8mO4AG/Rm7CP5oXNRdnLs9LREhJDV70= Size 1000500 Hash: EX7rWS5MCchj8mO4AG/Rm7CP5oXNRdnLs9LREhJDV70=
2021/01/18 15:00:09 [29528]	[PUT] Name IUJzr0UVAN3MxjZjf1ezmAz2E1iW+KeeONVvGYeMqoM= Size 1000500 Hash: IUJzr0UVAN3MxjZjf1ezmAz2E1iW+KeeONVvGYeMqoM=
2021/01/18 15:00:09 [29496]	[PUT] Name UNiDQtzIur+E1mZsOJJP8A1xclmIUHf5hZ+zomur2jg= Size 1000500 Hash: UNiDQtzIur+E1mZsOJJP8A1xclmIUHf5hZ+zomur2jg=
2021/01/18 15:00:09 [29362]	[PUT] Name 33H0QzKcs7Evvzly28N19CNV3GJEDAxfvybuB7a35aY= Size 1000500 Hash: 33H0QzKcs7Evvzly28N19CNV3GJEDAxfvybuB7a35aY=
2021/01/18 15:00:09 [29362]	[PUT] Name uKjgGL3YeLhuklovM2KM0B6iG/jcmveH/ZaDKH+VRYA= Size 1000500 Hash: uKjgGL3YeLhuklovM2KM0B6iG/jcmveH/ZaDKH+VRYA=
2021/01/18 15:00:09 [29380]	[PUT] Name W43BDuX6N35tKp4jye5CZd3+749ED8/F78c1dnulgRQ= Size 1000500 Hash: W43BDuX6N35tKp4jye5CZd3+749ED8/F78c1dnulgRQ=
2021/01/18 15:00:09 [29528]	[PUT] Name GpoXQ3PKFUtOHSFVh+VCYwOKRbJZGjz0aLutc5ae+Hs= Size 1000500 Hash: GpoXQ3PKFUtOHSFVh+VCYwOKRbJZGjz0aLutc5ae+Hs=
2021/01/18 15:00:09 [29561]	[PUT] Name oOJiTRgM510N+6V6HSmqFz1Q4NfPouiDK4nmbhXHKgE= Size 1000500 Hash: oOJiTRgM510N+6V6HSmqFz1Q4NfPouiDK4nmbhXHKgE=
2021/01/18 15:00:09 [29480]	[PUT] Name tx/H0703+D6mZKzseDXexfL6qkwmB8HfAXHDSkKf3kc= Size 1000500 Hash: tx/H0703+D6mZKzseDXexfL6qkwmB8HfAXHDSkKf3kc=
2021/01/18 15:00:09 [29447]	[PUT] Name TFNKM7CVPzbSU3GTN1ftI3D4b979/570dOIYOS3uAgY= Size 1000500 Hash: TFNKM7CVPzbSU3GTN1ftI3D4b979/570dOIYOS3uAgY=
2021/01/18 15:00:09 [29658]	[PUT] Name iSmtlKEaiOQ7ZE0SxvGGVlT84FWloSytHOBFWKH3Dk0= Size 1000500 Hash: iSmtlKEaiOQ7ZE0SxvGGVlT84FWloSytHOBFWKH3Dk0=
2021/01/18 15:00:09 [29738]	[PUT] Name uPBkuCFXoMwQboScQ1L05Mj3tkyjhPUeUh9OieN959E= Size 1000500 Hash: uPBkuCFXoMwQboScQ1L05Mj3tkyjhPUeUh9OieN959E=
2021/01/18 15:00:09 [29362]	[PUT] Name vl+Yrg/6R9bBS4CxwIKb1vFQPNqie8ikk63ZT1IIEao= Size 1000500 Hash: vl+Yrg/6R9bBS4CxwIKb1vFQPNqie8ikk63ZT1IIEao=
2021/01/18 15:00:09 [29642]	[PUT] Name p02iFenEYM+cDUp1nrk+tH31fpxFqK/gsYgocvYkvXE= Size 1000500 Hash: p02iFenEYM+cDUp1nrk+tH31fpxFqK/gsYgocvYkvXE=
2021/01/18 15:00:09 [29690]	[PUT] Name Q28pjKO8euUAfwIpdVXwdBZHf7bsScSrz3PRZMJGlKc= Size 1000500 Hash: Q28pjKO8euUAfwIpdVXwdBZHf7bsScSrz3PRZMJGlKc=
2021/01/18 15:00:09 [29594]	[PUT] Name De5Pk+r7ZbqpywTLuEd7BywAAexkzlVe1JWI+vHPzO4= Size 1000500 Hash: De5Pk+r7ZbqpywTLuEd7BywAAexkzlVe1JWI+vHPzO4=
2021/01/18 15:00:09 [29380]	[PUT] Name llpPJqRJuW2HzRQo50A8ZRvpe8vIOhN15L67DmkJA58= Size 1000500 Hash: llpPJqRJuW2HzRQo50A8ZRvpe8vIOhN15L67DmkJA58=
2021/01/18 15:00:09 [29544]	[PUT] Name BpKjgPEMYYyzFrxGltGe0748zNzNhfu6RIUjuZXwyNQ= Size 1000500 Hash: BpKjgPEMYYyzFrxGltGe0748zNzNhfu6RIUjuZXwyNQ=
2021/01/18 15:00:09 [29430]	[PUT] Name RSxSMYxgvDRiPtpPd/nflnHddtffdqaTFuWIHNAitvg= Size 1000500 Hash: RSxSMYxgvDRiPtpPd/nflnHddtffdqaTFuWIHNAitvg=
2021/01/18 15:00:09 [29690]	[PUT] Name e0N1UbDfJx78dtoP/OZZwGJBfKh1vOeG8XWRMIaYhcI= Size 1000500 Hash: e0N1UbDfJx78dtoP/OZZwGJBfKh1vOeG8XWRMIaYhcI=
2021/01/18 15:00:09 [29413]	[PUT] Name UskFxmaH6Awh3iyMijqYkZlEtYah3O5sBXGI0xL1Zes= Size 1000500 Hash: UskFxmaH6Awh3iyMijqYkZlEtYah3O5sBXGI0xL1Zes=
2021/01/18 15:00:09 [29594]	[PUT] Name LLhlxYd4rPvOsLIzqXX4o97XDue7+r6di0dr4o1qQl0= Size 1000500 Hash: LLhlxYd4rPvOsLIzqXX4o97XDue7+r6di0dr4o1qQl0=
2021/01/18 15:00:09 [29626]	[PUT] Name 2FgIzTlvYlvZBH0RC/YwYV/V7460iKAmzyGs5c89tnQ= Size 1000500 Hash: 2FgIzTlvYlvZBH0RC/YwYV/V7460iKAmzyGs5c89tnQ=
2021/01/18 15:00:09 [29496]	[PUT] Name moC5UsBuezDVPb+gbTdvWXXQfrdFq1Z7zEgb4iTEycc= Size 1000500 Hash: moC5UsBuezDVPb+gbTdvWXXQfrdFq1Z7zEgb4iTEycc=
2021/01/18 15:00:09 [29561]	[PUT] Name nk+QNQOqULbTViIREyAUH4kcJJv31oFcsosJBZKOKlU= Size 1000500 Hash: nk+QNQOqULbTViIREyAUH4kcJJv31oFcsosJBZKOKlU=
2021/01/18 15:00:09 [29480]	[PUT] Name +GruzsefKaIV68DuxY3a7jgDUK6ulhKG1+vh87lEWtE= Size 1000500 Hash: +GruzsefKaIV68DuxY3a7jgDUK6ulhKG1+vh87lEWtE=
2021/01/18 15:00:09 [29610]	[PUT] Name XIXtQLd3uYuNFOv6abNfCYIZRHhP6tcRQL1M/D3pirE= Size 1000500 Hash: XIXtQLd3uYuNFOv6abNfCYIZRHhP6tcRQL1M/D3pirE=
2021/01/18 15:00:09 [29578]	[PUT] Name Dqxei4+gqS+VrC50vtAe696So5G3Kd56fO1pFUpx5GY= Size 1000500 Hash: Dqxei4+gqS+VrC50vtAe696So5G3Kd56fO1pFUpx5GY=
2021/01/18 15:00:09 [29512]	[PUT] Name D7hZ7VQcrxZGXonWZbxJSS6Lfw48mSXaUsOuzsX2+j8= Size 1000500 Hash: D7hZ7VQcrxZGXonWZbxJSS6Lfw48mSXaUsOuzsX2+j8=
2021/01/18 15:00:09 [29528]	[PUT] Name T4QX/XxnT+CHLpckuMMLKsDVIpiJuBQa34Lngy3C2VE= Size 1000500 Hash: T4QX/XxnT+CHLpckuMMLKsDVIpiJuBQa34Lngy3C2VE=
2021/01/18 15:00:09 [29561]	[PUT] Name n7tfnU7iMk1rEznsSJsqP+tLkIR9CB0sD/knlgsJKpI= Size 1000500 Hash: n7tfnU7iMk1rEznsSJsqP+tLkIR9CB0sD/knlgsJKpI=
2021/01/18 15:00:09 [29447]	[PUT] Name w5k4TsvRscNnmj6Q7Ew1FqGiBrdNYseSnB+TR342WLU= Size 1000500 Hash: w5k4TsvRscNnmj6Q7Ew1FqGiBrdNYseSnB+TR342WLU=
2021/01/18 15:00:09 [29690]	[PUT] Name /23JbiPvlWPEnaMLDujsGLPPk45Q89eVRzQn+PqHgvI= Size 1000500 Hash: /23JbiPvlWPEnaMLDujsGLPPk45Q89eVRzQn+PqHgvI=
2021/01/18 15:00:09 [29463]	[PUT] Name TQyBaOEs748PLOpHrHklOMujKVok2ra9MWTuqNfSvvg= Size 1000500 Hash: TQyBaOEs748PLOpHrHklOMujKVok2ra9MWTuqNfSvvg=
2021/01/18 15:00:09 [29345]	[PUT] Name KxzF65H/0KbPGRAxVG859YI0t8VDQcw6rwYCh+h2gi0= Size 1000500 Hash: KxzF65H/0KbPGRAxVG859YI0t8VDQcw6rwYCh+h2gi0=
2021/01/18 15:00:09 [29674]	[PUT] Name 1i2kvVZjthhqTh/OjCQIdyOjjgLpjzwwk6u/2T2i720= Size 1000500 Hash: 1i2kvVZjthhqTh/OjCQIdyOjjgLpjzwwk6u/2T2i720=
2021/01/18 15:00:09 [29345]	[PUT] Name YwIj9gpGdNkqwt63GXimx9yx90+MJRTcidZnbd9/d5w= Size 1000500 Hash: YwIj9gpGdNkqwt63GXimx9yx90+MJRTcidZnbd9/d5w=
2021/01/18 15:00:09 [29345]	[PUT] Name Lxrz0SOvNCXnYb82n0wiZ2UW3MQ0Ycq4QRC+XAdfVEI= Size 1000500 Hash: Lxrz0SOvNCXnYb82n0wiZ2UW3MQ0Ycq4QRC+XAdfVEI=
2021/01/18 15:00:09 [29345]	[PUT] Name bjzkad5ZEQ//UDZEEn9ot9Ro1OKrvfsMxJUApT2WRsM= Size 1000500 Hash: bjzkad5ZEQ//UDZEEn9ot9Ro1OKrvfsMxJUApT2WRsM=
2021/01/18 15:00:09 [29345]	[PUT] Name WoG3XkxbscLmXWlFx6fu0xxaSaFGhtoyzshMBtUKUYc= Size 1000500 Hash: WoG3XkxbscLmXWlFx6fu0xxaSaFGhtoyzshMBtUKUYc=
2021/01/18 15:00:09 [29345]	[PUT] Name /avdPSWfYJRCChw5hyjXbgHU6K1/UW86nmU8bUByaYE= Size 1000500 Hash: /avdPSWfYJRCChw5hyjXbgHU6K1/UW86nmU8bUByaYE=
2021/01/18 15:00:09 [29610]	[PUT] Name QAYJYlGrnOQNvzz4JwS2yS2k9Hc2HwwUoDLyuSkylec= Size 1000500 Hash: QAYJYlGrnOQNvzz4JwS2yS2k9Hc2HwwUoDLyuSkylec=
2021/01/18 15:00:09 [29480]	[PUT] Name o88Vw+ZN3o3WwGphpSM0JTESS7YKgFLlGWjUkkJ34Sc= Size 1000500 Hash: o88Vw+ZN3o3WwGphpSM0JTESS7YKgFLlGWjUkkJ34Sc=
2021/01/18 15:00:09 [29658]	[PUT] Name mXjRroNr+iXuBp5ZP62QCCD6FVdcHlwlAboNgOkt36Q= Size 1000500 Hash: mXjRroNr+iXuBp5ZP62QCCD6FVdcHlwlAboNgOkt36Q=
2021/01/18 15:00:09 [29674]	[PUT] Name 8JW4pznP8eZv6V3gmChyFEvnoxPfE0ahX7Sb39zdCfY= Size 1000500 Hash: 8JW4pznP8eZv6V3gmChyFEvnoxPfE0ahX7Sb39zdCfY=
2021/01/18 15:00:09 [29380]	[PUT] Name 2XKGRmsQIA+rb8AxnWLpxKUJMGO/vnSGAK422zLbgrs= Size 1000500 Hash: 2XKGRmsQIA+rb8AxnWLpxKUJMGO/vnSGAK422zLbgrs=
2021/01/18 15:00:09 [29626]	[PUT] Name hxZ+3vxZeQeKjLSDIe6DgEVeXc912DtJN7b2cDfGxEg= Size 1000500 Hash: hxZ+3vxZeQeKjLSDIe6DgEVeXc912DtJN7b2cDfGxEg=
2021/01/18 15:00:09 [29561]	[PUT] Name e4c3U1/qMBZYg5R/h8QuxVGPFWmblrt2qdBciLUvbb4= Size 1000500 Hash: e4c3U1/qMBZYg5R/h8QuxVGPFWmblrt2qdBciLUvbb4=
2021/01/18 15:00:09 [29512]	[PUT] Name Ga4Sg6teTmifFBFyiWe336312yUoVgfwBllxzIo23vo= Size 1000500 Hash: Ga4Sg6teTmifFBFyiWe336312yUoVgfwBllxzIo23vo=
2021/01/18 15:00:09 [29480]	[PUT] Name 6DF+eTBZDlgy/S/UH3wURvl+HQ4/C9OKGEDqwcumETo= Size 1000500 Hash: 6DF+eTBZDlgy/S/UH3wURvl+HQ4/C9OKGEDqwcumETo=
